<?xml version="1.0" encoding="UTF-8"?>
<!-- Generated by org.testng.reporters.JUnitReportReporter -->
<testsuite skipped="0" hostname="DESKTOP-69P9OLH" name="JenkinsPractice.JenkinsPractice3Test" tests="1" failures="0" timestamp="2022-09-23T10:18:45 IST" time="0.008" errors="0">
  <testcase name="demoMethod3" time="0.008" classname="JenkinsPractice.JenkinsPractice3Test"/>
  <system-out/>
</testsuite> <!-- JenkinsPractice.JenkinsPractice3Test -->
