<?xml version="1.0" encoding="UTF-8"?>
<!-- Generated by org.testng.reporters.JUnitReportReporter -->
<testsuite skipped="0" hostname="DESKTOP-69P9OLH" name="JenkinsPractice.JenkinsPractice1Test" tests="1" failures="0" timestamp="2022-09-23T10:22:39 IST" time="16.429" errors="0">
  <testcase name="demoMethod1" time="16.429" classname="JenkinsPractice.JenkinsPractice1Test"/>
  <system-out/>
</testsuite> <!-- JenkinsPractice.JenkinsPractice1Test -->
