<?xml version="1.0" encoding="UTF-8"?>
<!-- Generated by org.testng.reporters.JUnitReportReporter -->
<testsuite skipped="0" hostname="DESKTOP-69P9OLH" name="JenkinsPractice.JenkinsPractice2Test" tests="1" failures="0" timestamp="2022-09-23T10:36:13 IST" time="0.002" errors="0">
  <testcase name="demoMethod2" time="0.002" classname="JenkinsPractice.JenkinsPractice2Test"/>
  <system-out/>
</testsuite> <!-- JenkinsPractice.JenkinsPractice2Test -->
